<?xml version="1.0" encoding="UTF-8"?>
<!-- Generated by org.testng.reporters.JUnitReportReporter -->
<testsuite skipped="1" hostname="DESKTOP-R0QK2O8" name="day8.TestNGTest" tests="3" failures="0" timestamp="16 Sep 2018 16:21:33 GMT" time="0.043" errors="0">
  <testcase name="testcase3" time="0.014" classname="day8.TestNGTest"/>
  <testcase name="testcase4" time="0.029" classname="day8.TestNGTest"/>
  <testcase name="testcase2" classname="day8.TestNGTest">
    <skipped/>
  </testcase> <!-- testcase2 -->
</testsuite> <!-- day8.TestNGTest -->
