<?xml version="1.0" encoding="UTF-8"?>
<!-- Generated by org.testng.reporters.JUnitReportReporter -->
<testsuite skipped="0" hostname="DESKTOP-R0QK2O8" name="day8.Guru99Project2" tests="6" failures="0" timestamp="16 Sep 2018 17:00:50 GMT" time="10.743" errors="0">
  <testcase name="verifyTitleOfThePage" time="0.062" classname="day8.Guru99Project2"/>
  <testcase name="verifyTitleOfThePage" time="0.191" classname="day8.Guru99Project2"/>
  <testcase name="verifyTitleOfThePage" time="0.018" classname="day8.Guru99Project2"/>
  <testcase name="verifyLoginToGuru99WithCorrectCredentials" time="1.998" classname="day8.Guru99Project2"/>
  <testcase name="verifyLoginToGuru99WithCorrectCredentials" time="1.752" classname="day8.Guru99Project2"/>
  <testcase name="verifyLoginToGuru99WithCorrectCredentials" time="6.722" classname="day8.Guru99Project2"/>
</testsuite> <!-- day8.Guru99Project2 -->
