<?xml version="1.0" encoding="UTF-8"?>
<!-- Generated by org.testng.reporters.JUnitReportReporter -->
<testsuite skipped="0" hostname="DESKTOP-R0QK2O8" name="day8.DataProviderExample" tests="3" failures="0" timestamp="16 Sep 2018 17:25:06 GMT" time="0.029" errors="0">
  <testcase name="printParameters" time="0.002" classname="day8.DataProviderExample"/>
  <testcase name="printParameters" time="0.022" classname="day8.DataProviderExample"/>
  <testcase name="printParameters" time="0.005" classname="day8.DataProviderExample"/>
</testsuite> <!-- day8.DataProviderExample -->
