<?xml version="1.0" encoding="UTF-8"?>
<!-- Generated by org.testng.reporters.JUnitReportReporter -->
<testsuite skipped="1" hostname="DESKTOP-R0QK2O8" name="day8.TestNGTest2" tests="5" failures="0" timestamp="16 Sep 2018 16:06:36 GMT" time="0.051" errors="0">
  <testcase name="testcase1" time="0.007" classname="day8.TestNGTest2"/>
  <testcase name="testcase6" time="0.012" classname="day8.TestNGTest2"/>
  <testcase name="testcase3" time="0.026" classname="day8.TestNGTest2"/>
  <testcase name="testcase4" time="0.006" classname="day8.TestNGTest2"/>
  <testcase name="testcase2" classname="day8.TestNGTest2">
    <skipped/>
  </testcase> <!-- testcase2 -->
</testsuite> <!-- day8.TestNGTest2 -->
