<?xml version="1.0" encoding="UTF-8"?>
<!-- Generated by org.testng.reporters.JUnitReportReporter -->
<testsuite skipped="1" hostname="DESKTOP-R0QK2O8" name="day8.TestNGTesting" tests="5" failures="0" timestamp="16 Sep 2018 15:58:19 GMT" time="0.035" errors="0">
  <testcase name="testcase1" time="0.017" classname="day8.TestNGTesting"/>
  <testcase name="testcase3" time="0.004" classname="day8.TestNGTesting"/>
  <testcase name="testcase6" time="0.007" classname="day8.TestNGTesting"/>
  <testcase name="testcase4" time="0.007" classname="day8.TestNGTesting"/>
  <testcase name="testcase2" classname="day8.TestNGTesting">
    <skipped/>
  </testcase> <!-- testcase2 -->
</testsuite> <!-- day8.TestNGTesting -->
